#
# A fatal error has been detected by the Java Runtime Environment:
#
#  EXCEPTION_ACCESS_VIOLATION (0xc0000005) at pc=0x000000006e849481, pid=9920, tid=0x0000000000003148
#
# JRE version: OpenJDK Runtime Environment (8.0_152-b02) (build 1.8.0_152-release-1024-b02)
# Java VM: OpenJDK 64-Bit Server VM (25.152-b02 mixed mode windows-amd64 compressed oops)
# Problematic frame:
# V  [jvm.dll+0x429481]
#
# Failed to write core dump. Minidumps are not enabled by default on client versions of Windows
#
# If you would like to submit a bug report, please visit:
#   http://bugreport.java.com/bugreport/crash.jsp
#

---------------  T H R E A D  ---------------

Current thread (0x00000000166f9000):  JavaThread "C2 CompilerThread1" daemon [_thread_in_native, id=12616, stack(0x0000000017e40000,0x0000000017f40000)]

siginfo: ExceptionCode=0xc0000005, reading address 0x0000000000000114

Registers:
RAX=0x000000000000000c, RBX=0x00000000198ee990, RCX=0x0000000000000006, RDX=0x0000000000000002
RSP=0x0000000017f3b970, RBP=0x00000000cc7a5400, RSI=0x0000000000000100, RDI=0x0000000020635420
R8 =0x0000000000000000, R9 =0x0000000000000000, R10=0x0000000000000002, R11=0x000000000000006a
R12=0x000000001dd36290, R13=0x0000000000000001, R14=0x000000006e9c9318, R15=0x0000000017f3bab0
RIP=0x000000006e849481, EFLAGS=0x0000000000010206

Top of Stack: (sp=0x0000000017f3b970)
0x0000000017f3b970:   0000000017f3b9e0 000000006e8e1680
0x0000000017f3b980:   0000000017f3bab0 000000006e9c9318
0x0000000017f3b990:   0000000000000002 0000000000000002
0x0000000017f3b9a0:   000000001dd8ea00 0000000017f3ba90
0x0000000017f3b9b0:   0000000017f3ba90 000000006e85c333
0x0000000017f3b9c0:   000000001dd360c8 0000000017f3ba30
0x0000000017f3b9d0:   0000000000000001 000000001f2dee38
0x0000000017f3b9e0:   00000000166c37c0 0000000000000020
0x0000000017f3b9f0:   000000001e0a2c30 0000000000000012
0x0000000017f3ba00:   000000006ea57f08 00000000166c37c0
0x0000000017f3ba10:   0000000000000080 000000001e0a27b0
0x0000000017f3ba20:   0000000000000000 000000006e8dd107
0x0000000017f3ba30:   0000000000000000 000000006e9c9318
0x0000000017f3ba40:   0000000020e67fe0 00000000000034b0
0x0000000017f3ba50:   00000000000034b0 0000000017f3e820
0x0000000017f3ba60:   0000000017f3bad9 000000006e85fb9b 

Instructions: (pc=0x000000006e849481)
0x000000006e849461:   83 ec 40 48 8b f1 48 8b f9 33 ed 48 8b 46 30 45
0x000000006e849471:   33 d2 33 c9 44 8b 40 4c 44 2b 46 14 44 03 46 10
0x000000006e849481:   8b 56 14 44 8b 4e 18 48 8b 5e 30 48 3b f7 0f 94
0x000000006e849491:   c0 44 2b ca 2b 56 10 88 44 24 30 89 4c 24 28 8b 


Register to memory mapping:

RAX=0x000000000000000c is an unknown value
RBX=0x00000000198ee990 is an unknown value
RCX=0x0000000000000006 is an unknown value
RDX=0x0000000000000002 is an unknown value
RSP=0x0000000017f3b970 is pointing into the stack for thread: 0x00000000166f9000
RBP=0x00000000cc7a5400 is an unallocated location in the heap
RSI=0x0000000000000100 is an unknown value
RDI=0x0000000020635420 is an unknown value
R8 =0x0000000000000000 is an unknown value
R9 =0x0000000000000000 is an unknown value
R10=0x0000000000000002 is an unknown value
R11=0x000000000000006a is an unknown value
R12=0x000000001dd36290 is an unknown value
R13=0x0000000000000001 is an unknown value
R14=0x000000006e9c9318 is an unknown value
R15=0x0000000017f3bab0 is pointing into the stack for thread: 0x00000000166f9000


Stack: [0x0000000017e40000,0x0000000017f40000],  sp=0x0000000017f3b970,  free space=1006k
Native frames: (J=compiled Java code, j=interpreted, Vv=VM code, C=native code)
V  [jvm.dll+0x429481]
V  [jvm.dll+0x43c333]
V  [jvm.dll+0x43fb9b]
V  [jvm.dll+0x4412e6]
V  [jvm.dll+0x441fa2]
V  [jvm.dll+0x4250b2]
V  [jvm.dll+0x814c8]
V  [jvm.dll+0x81dff]
V  [jvm.dll+0x21d2df]
V  [jvm.dll+0x26d7ea]
C  [msvcr100.dll+0x21d9f]
C  [msvcr100.dll+0x21e3b]
C  [KERNEL32.DLL+0x13034]
C  [ntdll.dll+0x71431]


Current CompileTask:
C2:5811693 18094       4       com.google.common.io.ByteStreams::copy (53 bytes)


---------------  P R O C E S S  ---------------

Java Threads: ( => current thread )
  0x000000001881a800 JavaThread "Task worker for ':' Thread 3" [_thread_in_Java, id=12600, stack(0x000000003d3d0000,0x000000003d4d0000)]
  0x0000000018819800 JavaThread "Task worker for ':' Thread 2" [_thread_blocked, id=11300, stack(0x000000003d2d0000,0x000000003d3d0000)]
  0x000000001c40b000 JavaThread "Task worker for ':'" [_thread_blocked, id=1668, stack(0x000000003d1d0000,0x000000003d2d0000)]
  0x000000001c40d000 JavaThread "Cache worker for Build Output Cleanup Cache (D:\Android\Projects\Projects\ChendhurFinecorpClient\.gradle\buildOutputCleanup)" [_thread_blocked, id=4452, stack(0x000000003d0d0000,0x000000003d1d0000)]
  0x000000001c410000 JavaThread "Cache worker for task history cache (D:\Android\Projects\Projects\ChendhurFinecorpClient\.gradle\4.4\taskHistory)" [_thread_blocked, id=10828, stack(0x000000003cfd0000,0x000000003d0d0000)]
  0x000000001c411800 JavaThread "Cache worker for file content cache (D:\Android\Projects\Projects\ChendhurFinecorpClient\.gradle\4.4\fileContent)" [_thread_blocked, id=14316, stack(0x000000003ced0000,0x000000003cfd0000)]
  0x000000001c40b800 JavaThread "build operations Thread 4" [_thread_blocked, id=2468, stack(0x000000003cdd0000,0x000000003ced0000)]
  0x000000001c40e800 JavaThread "build operations Thread 3" [_thread_blocked, id=13004, stack(0x000000003ccd0000,0x000000003cdd0000)]
  0x000000001c40a000 JavaThread "build operations Thread 2" [_thread_blocked, id=12632, stack(0x000000003cbd0000,0x000000003ccd0000)]
  0x000000001c402800 JavaThread "build operations" [_thread_blocked, id=12844, stack(0x000000003cad0000,0x000000003cbd0000)]
  0x000000001c409800 JavaThread "Cache worker for Artifact transforms cache (C:\Users\Devakumar\.gradle\caches\transforms-1)" [_thread_blocked, id=7588, stack(0x000000003c9d0000,0x000000003cad0000)]
  0x000000001c408800 JavaThread "Cache worker for file hash cache (D:\Android\Projects\Projects\ChendhurFinecorpClient\.gradle\4.4\fileHashes)" [_thread_blocked, id=8600, stack(0x000000003c8d0000,0x000000003c9d0000)]
  0x000000001c408000 JavaThread "Stdin handler" [_thread_blocked, id=688, stack(0x000000003c7d0000,0x000000003c8d0000)]
  0x000000001c403800 JavaThread "Asynchronous log dispatcher for DefaultDaemonConnection: socket connection from /127.0.0.1:52335 to /127.0.0.1:53493" [_thread_blocked, id=1876, stack(0x000000003c6d0000,0x000000003c7d0000)]
  0x000000001c405800 JavaThread "Cancel handler" [_thread_blocked, id=10244, stack(0x000000003c5d0000,0x000000003c6d0000)]
  0x000000001c405000 JavaThread "Handler for socket connection from /127.0.0.1:52335 to /127.0.0.1:53493" [_thread_in_native, id=13704, stack(0x000000003c4d0000,0x000000003c5d0000)]
  0x000000001b97a000 JavaThread "Daemon worker Thread 7" [_thread_blocked, id=2044, stack(0x0000000039ad0000,0x0000000039bd0000)]
  0x000000001b976000 JavaThread "Daemon Thread 7" [_thread_blocked, id=8732, stack(0x00000000397d0000,0x00000000398d0000)]
  0x0000000018823800 JavaThread "Java2D Disposer" daemon [_thread_blocked, id=1572, stack(0x00000000250d0000,0x00000000251d0000)]
  0x000000001ba2a800 JavaThread "Memory manager" [_thread_blocked, id=9364, stack(0x00000000221c0000,0x00000000222c0000)]
  0x0000000019874800 JavaThread "File lock request listener" [_thread_in_native, id=7732, stack(0x000000001b190000,0x000000001b290000)]
  0x00000000197db000 JavaThread "Cache worker for file hash cache (C:\Users\Devakumar\.gradle\caches\4.4\fileHashes)" [_thread_blocked, id=5552, stack(0x000000001b090000,0x000000001b190000)]
  0x00000000196be800 JavaThread "Daemon periodic checks" [_thread_blocked, id=10700, stack(0x000000001a590000,0x000000001a690000)]
  0x00000000196a9000 JavaThread "Incoming local TCP Connector on port 52335" [_thread_in_native, id=8180, stack(0x000000001a350000,0x000000001a450000)]
  0x000000001805f000 JavaThread "Service Thread" daemon [_thread_blocked, id=8812, stack(0x0000000018440000,0x0000000018540000)]
  0x0000000016701000 JavaThread "C1 CompilerThread2" daemon [_thread_blocked, id=5252, stack(0x0000000017f40000,0x0000000018040000)]
=>0x00000000166f9000 JavaThread "C2 CompilerThread1" daemon [_thread_in_native, id=12616, stack(0x0000000017e40000,0x0000000017f40000)]
  0x0000000016708000 JavaThread "C2 CompilerThread0" daemon [_thread_in_native, id=9800, stack(0x0000000017d40000,0x0000000017e40000)]
  0x0000000016706800 JavaThread "Attach Listener" daemon [_thread_blocked, id=10012, stack(0x0000000017c40000,0x0000000017d40000)]
  0x0000000016705800 JavaThread "Signal Dispatcher" daemon [_thread_blocked, id=1860, stack(0x0000000017b40000,0x0000000017c40000)]
  0x0000000002d87800 JavaThread "Finalizer" daemon [_thread_blocked, id=2556, stack(0x0000000017950000,0x0000000017a50000)]
  0x0000000002d84000 JavaThread "Reference Handler" daemon [_thread_blocked, id=11956, stack(0x0000000017850000,0x0000000017950000)]
  0x00000000011fe800 JavaThread "main" [_thread_blocked, id=8416, stack(0x0000000002b90000,0x0000000002c90000)]

Other Threads:
  0x00000000166c4800 VMThread [stack: 0x0000000017750000,0x0000000017850000] [id=9424]
  0x000000001805f800 WatcherThread [stack: 0x0000000018540000,0x0000000018640000] [id=5560]

VM state:not at safepoint (normal execution)

VM Mutex/Monitor currently owned by a thread: None

Heap:
 PSYoungGen      total 433152K, used 249000K [0x00000000e0000000, 0x00000000fd080000, 0x0000000100000000)
  eden space 407552K, 54% used [0x00000000e0000000,0x00000000eda72090,0x00000000f8e00000)
  from space 25600K, 98% used [0x00000000faa00000,0x00000000fc2b82c0,0x00000000fc300000)
  to   space 13824K, 0% used [0x00000000fc300000,0x00000000fc300000,0x00000000fd080000)
 ParOldGen       total 106496K, used 61139K [0x00000000a0000000, 0x00000000a6800000, 0x00000000e0000000)
  object space 106496K, 57% used [0x00000000a0000000,0x00000000a3bb4e30,0x00000000a6800000)
 Metaspace       used 78721K, capacity 84594K, committed 84864K, reserved 1122304K
  class space    used 10086K, capacity 11327K, committed 11392K, reserved 1048576K

Card table byte_map: [0x0000000012150000,0x0000000012460000] byte_map_base: 0x0000000011c50000

Marking Bits: (ParMarkBitMap*) 0x000000006ebe4970
 Begin Bits: [0x0000000012a60000, 0x0000000014260000)
 End Bits:   [0x0000000014260000, 0x0000000015a60000)

Polling page: 0x0000000000cc0000

CodeCache: size=245760Kb used=50982Kb max_used=51002Kb free=194777Kb
 bounds [0x0000000002d90000, 0x0000000005fb0000, 0x0000000011d90000]
 total_blobs=14955 nmethods=14009 adapters=857
 compilation: enabled

Compilation events (10 events):
Event: 5811.328 Thread 0x0000000016701000 nmethod 18091 0x0000000005f62f90 code [0x0000000005f63140, 0x0000000005f636e8]
Event: 5811.328 Thread 0x00000000166f9000 18093       4       org.objectweb.asm.FieldVisitor::<init> (35 bytes)
Event: 5811.329 Thread 0x00000000166f9000 nmethod 18093 0x0000000005f64550 code [0x0000000005f64680, 0x0000000005f64738]
Event: 5811.330 Thread 0x00000000166f9000 18094       4       com.google.common.io.ByteStreams::copy (53 bytes)
Event: 5811.331 Thread 0x0000000016701000 18096       3       org.objectweb.asm.ClassWriter::newUTF8 (70 bytes)
Event: 5811.332 Thread 0x0000000016701000 nmethod 18096 0x0000000005f62790 code [0x0000000005f62940, 0x0000000005f62d78]
Event: 5811.339 Thread 0x0000000016701000 18105       3       com.google.common.collect.RegularImmutableList::copyIntoArray (24 bytes)
Event: 5811.339 Thread 0x0000000016701000 nmethod 18105 0x0000000005f60e10 code [0x0000000005f60f80, 0x0000000005f61288]
Event: 5811.343 Thread 0x0000000016708000 nmethod 18092 0x0000000005f906d0 code [0x0000000005f90900, 0x0000000005f915b0]
Event: 5811.343 Thread 0x0000000016708000 18097       4       org.objectweb.asm.MethodWriter::visitMaxs (1159 bytes)

GC Heap History (10 events):
Event: 1942.661 GC heap before
{Heap before GC invocations=18 (full 3):
 PSYoungGen      total 433664K, used 433549K [0x00000000e0000000, 0x00000000fd300000, 0x0000000100000000)
  eden space 417792K, 100% used [0x00000000e0000000,0x00000000f9800000,0x00000000f9800000)
  from space 15872K, 99% used [0x00000000fc380000,0x00000000fd2e3558,0x00000000fd300000)
  to   space 29184K, 0% used [0x00000000f9a00000,0x00000000f9a00000,0x00000000fb680000)
 ParOldGen       total 106496K, used 61099K [0x00000000a0000000, 0x00000000a6800000, 0x00000000e0000000)
  object space 106496K, 57% used [0x00000000a0000000,0x00000000a3baae30,0x00000000a6800000)
 Metaspace       used 75214K, capacity 79088K, committed 79232K, reserved 1118208K
  class space    used 9604K, capacity 10517K, committed 10624K, reserved 1048576K
Event: 1942.675 GC heap after
Heap after GC invocations=18 (full 3):
 PSYoungGen      total 449024K, used 4880K [0x00000000e0000000, 0x0000000100000000, 0x0000000100000000)
  eden space 419840K, 0% used [0x00000000e0000000,0x00000000e0000000,0x00000000f9a00000)
  from space 29184K, 16% used [0x00000000f9a00000,0x00000000f9ec4050,0x00000000fb680000)
  to   space 29184K, 0% used [0x00000000fe380000,0x00000000fe380000,0x0000000100000000)
 ParOldGen       total 106496K, used 61107K [0x00000000a0000000, 0x00000000a6800000, 0x00000000e0000000)
  object space 106496K, 57% used [0x00000000a0000000,0x00000000a3bace30,0x00000000a6800000)
 Metaspace       used 75214K, capacity 79088K, committed 79232K, reserved 1118208K
  class space    used 9604K, capacity 10517K, committed 10624K, reserved 1048576K
}
Event: 5394.213 GC heap before
{Heap before GC invocations=19 (full 3):
 PSYoungGen      total 449024K, used 424720K [0x00000000e0000000, 0x0000000100000000, 0x0000000100000000)
  eden space 419840K, 100% used [0x00000000e0000000,0x00000000f9a00000,0x00000000f9a00000)
  from space 29184K, 16% used [0x00000000f9a00000,0x00000000f9ec4050,0x00000000fb680000)
  to   space 29184K, 0% used [0x00000000fe380000,0x00000000fe380000,0x0000000100000000)
 ParOldGen       total 106496K, used 61107K [0x00000000a0000000, 0x00000000a6800000, 0x00000000e0000000)
  object space 106496K, 57% used [0x00000000a0000000,0x00000000a3bace30,0x00000000a6800000)
 Metaspace       used 76021K, capacity 80130K, committed 80384K, reserved 1118208K
  class space    used 9681K, capacity 10667K, committed 10752K, reserved 1048576K
Event: 5395.518 GC heap after
Heap after GC invocations=19 (full 3):
 PSYoungGen      total 492032K, used 11559K [0x00000000e0000000, 0x00000000ffd00000, 0x0000000100000000)
  eden space 465920K, 0% used [0x00000000e0000000,0x00000000e0000000,0x00000000fc700000)
  from space 26112K, 44% used [0x00000000fe380000,0x00000000feec9e20,0x00000000ffd00000)
  to   space 27648K, 0% used [0x00000000fc700000,0x00000000fc700000,0x00000000fe200000)
 ParOldGen       total 106496K, used 61115K [0x00000000a0000000, 0x00000000a6800000, 0x00000000e0000000)
  object space 106496K, 57% used [0x00000000a0000000,0x00000000a3baee30,0x00000000a6800000)
 Metaspace       used 76021K, capacity 80130K, committed 80384K, reserved 1118208K
  class space    used 9681K, capacity 10667K, committed 10752K, reserved 1048576K
}
Event: 5530.616 GC heap before
{Heap before GC invocations=20 (full 3):
 PSYoungGen      total 492032K, used 477479K [0x00000000e0000000, 0x00000000ffd00000, 0x0000000100000000)
  eden space 465920K, 100% used [0x00000000e0000000,0x00000000fc700000,0x00000000fc700000)
  from space 26112K, 44% used [0x00000000fe380000,0x00000000feec9e20,0x00000000ffd00000)
  to   space 27648K, 0% used [0x00000000fc700000,0x00000000fc700000,0x00000000fe200000)
 ParOldGen       total 106496K, used 61115K [0x00000000a0000000, 0x00000000a6800000, 0x00000000e0000000)
  object space 106496K, 57% used [0x00000000a0000000,0x00000000a3baee30,0x00000000a6800000)
 Metaspace       used 76490K, capacity 80746K, committed 80896K, reserved 1120256K
  class space    used 9728K, capacity 10750K, committed 10752K, reserved 1048576K
Event: 5530.915 GC heap after
Heap after GC invocations=20 (full 3):
 PSYoungGen      total 454656K, used 8896K [0x00000000e0000000, 0x00000000fe800000, 0x0000000100000000)
  eden space 445440K, 0% used [0x00000000e0000000,0x00000000e0000000,0x00000000fb300000)
  from space 9216K, 96% used [0x00000000fc700000,0x00000000fcfb0050,0x00000000fd000000)
  to   space 24576K, 0% used [0x00000000fd000000,0x00000000fd000000,0x00000000fe800000)
 ParOldGen       total 106496K, used 61123K [0x00000000a0000000, 0x00000000a6800000, 0x00000000e0000000)
  object space 106496K, 57% used [0x00000000a0000000,0x00000000a3bb0e30,0x00000000a6800000)
 Metaspace       used 76490K, capacity 80746K, committed 80896K, reserved 1120256K
  class space    used 9728K, capacity 10750K, committed 10752K, reserved 1048576K
}
Event: 5575.922 GC heap before
{Heap before GC invocations=21 (full 3):
 PSYoungGen      total 454656K, used 454336K [0x00000000e0000000, 0x00000000fe800000, 0x0000000100000000)
  eden space 445440K, 100% used [0x00000000e0000000,0x00000000fb300000,0x00000000fb300000)
  from space 9216K, 96% used [0x00000000fc700000,0x00000000fcfb0050,0x00000000fd000000)
  to   space 24576K, 0% used [0x00000000fd000000,0x00000000fd000000,0x00000000fe800000)
 ParOldGen       total 106496K, used 61123K [0x00000000a0000000, 0x00000000a6800000, 0x00000000e0000000)
  object space 106496K, 57% used [0x00000000a0000000,0x00000000a3bb0e30,0x00000000a6800000)
 Metaspace       used 76979K, capacity 81712K, committed 81920K, reserved 1120256K
  class space    used 9797K, capacity 10890K, committed 11008K, reserved 1048576K
Event: 5576.041 GC heap after
Heap after GC invocations=21 (full 3):
 PSYoungGen      total 438272K, used 12112K [0x00000000e0000000, 0x00000000fdc00000, 0x0000000100000000)
  eden space 425984K, 0% used [0x00000000e0000000,0x00000000e0000000,0x00000000fa000000)
  from space 12288K, 98% used [0x00000000fd000000,0x00000000fdbd40c0,0x00000000fdc00000)
  to   space 25600K, 0% used [0x00000000faa00000,0x00000000faa00000,0x00000000fc300000)
 ParOldGen       total 106496K, used 61131K [0x00000000a0000000, 0x00000000a6800000, 0x00000000e0000000)
  object space 106496K, 57% used [0x00000000a0000000,0x00000000a3bb2e30,0x00000000a6800000)
 Metaspace       used 76979K, capacity 81712K, committed 81920K, reserved 1120256K
  class space    used 9797K, capacity 10890K, committed 11008K, reserved 1048576K
}
Event: 5807.740 GC heap before
{Heap before GC invocations=22 (full 3):
 PSYoungGen      total 438272K, used 438096K [0x00000000e0000000, 0x00000000fdc00000, 0x0000000100000000)
  eden space 425984K, 100% used [0x00000000e0000000,0x00000000fa000000,0x00000000fa000000)
  from space 12288K, 98% used [0x00000000fd000000,0x00000000fdbd40c0,0x00000000fdc00000)
  to   space 25600K, 0% used [0x00000000faa00000,0x00000000faa00000,0x00000000fc300000)
 ParOldGen       total 106496K, used 61131K [0x00000000a0000000, 0x00000000a6800000, 0x00000000e0000000)
  object space 106496K, 57% used [0x00000000a0000000,0x00000000a3bb2e30,0x00000000a6800000)
 Metaspace       used 78498K, capacity 84292K, committed 84608K, reserved 1122304K
  class space    used 10061K, capacity 11292K, committed 11392K, reserved 1048576K
Event: 5807.803 GC heap after
Heap after GC invocations=22 (full 3):
 PSYoungGen      total 433152K, used 25312K [0x00000000e0000000, 0x00000000fd080000, 0x0000000100000000)
  eden space 407552K, 0% used [0x00000000e0000000,0x00000000e0000000,0x00000000f8e00000)
  from space 25600K, 98% used [0x00000000faa00000,0x00000000fc2b82c0,0x00000000fc300000)
  to   space 13824K, 0% used [0x00000000fc300000,0x00000000fc300000,0x00000000fd080000)
 ParOldGen       total 106496K, used 61139K [0x00000000a0000000, 0x00000000a6800000, 0x00000000e0000000)
  object space 106496K, 57% used [0x00000000a0000000,0x00000000a3bb4e30,0x00000000a6800000)
 Metaspace       used 78498K, capacity 84292K, committed 84608K, reserved 1122304K
  class space    used 10061K, capacity 11292K, committed 11392K, reserved 1048576K
}

Deoptimization events (10 events):
Event: 5810.179 Thread 0x000000001881a800 Uncommon trap: reason=unstable_if action=reinterpret pc=0x0000000003f33268 method=org.objectweb.asm.MethodWriter.visitMethodInsn(ILjava/lang/String;Ljava/lang/String;Ljava/lang/String;Z)V @ 44
Event: 5810.242 Thread 0x000000001881a800 Uncommon trap: reason=unstable_if action=reinterpret pc=0x00000000032da55c method=org.objectweb.asm.MethodWriter.getSize()I @ 733
Event: 5810.243 Thread 0x000000001881a800 Uncommon trap: reason=unstable_if action=reinterpret pc=0x0000000003fd5c98 method=org.objectweb.asm.MethodWriter.put(Lorg/objectweb/asm/ByteVector;)V @ 237
Event: 5810.303 Thread 0x000000001881a800 Uncommon trap: reason=unstable_if action=reinterpret pc=0x0000000005607028 method=java.util.TreeSet.add(Ljava/lang/Object;)Z @ 13
Event: 5810.326 Thread 0x000000001881a800 Uncommon trap: reason=unstable_if action=reinterpret pc=0x00000000030caa60 method=org.objectweb.asm.Item.isEqualTo(Lorg/objectweb/asm/Item;)Z @ 186
Event: 5810.439 Thread 0x000000001881a800 Uncommon trap: reason=unstable_if action=reinterpret pc=0x0000000004079b60 method=org.objectweb.asm.Type.getArgumentsAndReturnSizes(Ljava/lang/String;)I @ 130
Event: 5810.757 Thread 0x000000001881a800 Uncommon trap: reason=unstable_if action=reinterpret pc=0x0000000005f471a8 method=org.objectweb.asm.Type.getArgumentsAndReturnSizes(Ljava/lang/String;)I @ 112
Event: 5810.757 Thread 0x000000001881a800 Uncommon trap: reason=unstable_if action=reinterpret pc=0x000000000399fb2c method=org.objectweb.asm.ClassReader.readUTF(II[C)Ljava/lang/String; @ 77
Event: 5810.773 Thread 0x000000001881a800 Uncommon trap: reason=unstable_if action=reinterpret pc=0x00000000036e47fc method=org.objectweb.asm.ClassReader.readUTF(II[C)Ljava/lang/String; @ 77
Event: 5810.776 Thread 0x000000001881a800 Uncommon trap: reason=unstable_if action=reinterpret pc=0x0000000003f00478 method=org.objectweb.asm.ByteVector.putUTF8(Ljava/lang/String;)Lorg/objectweb/asm/ByteVector; @ 98

Classes redefined (0 events):
No events

Internal exceptions (10 events):
Event: 5739.517 Thread 0x000000001b97a000 Exception <a 'java/lang/NoSuchMethodError': <clinit>> (0x00000000e53c7d70) thrown at [D:\src\AOSP-openjdk-cygwin\jdk8u\hotspot\src\share\vm\prims\jni.cpp, line 1613]
Event: 5739.518 Thread 0x000000001b97a000 Exception <a 'java/lang/NoSuchMethodError': <clinit>> (0x00000000e53cb9c8) thrown at [D:\src\AOSP-openjdk-cygwin\jdk8u\hotspot\src\share\vm\prims\jni.cpp, line 1613]
Event: 5739.518 Thread 0x000000001b97a000 Exception <a 'java/lang/NoSuchMethodError': <clinit>> (0x00000000e53cd4d0) thrown at [D:\src\AOSP-openjdk-cygwin\jdk8u\hotspot\src\share\vm\prims\jni.cpp, line 1613]
Event: 5739.882 Thread 0x000000001b97a000 Exception <a 'sun/nio/fs/WindowsException'> (0x00000000e5d3a638) thrown at [D:\src\AOSP-openjdk-cygwin\jdk8u\hotspot\src\share\vm\prims\jni.cpp, line 709]
Event: 5742.713 Thread 0x000000001b97a000 Implicit null exception at 0x0000000005957492 to 0x000000000595b039
Event: 5748.647 Thread 0x000000001c40a000 Implicit null exception at 0x00000000049db454 to 0x00000000049db578
Event: 5748.954 Thread 0x000000001b976000 Exception <a 'java/lang/NoSuchMethodError': <clinit>> (0x00000000eeba6648) thrown at [D:\src\AOSP-openjdk-cygwin\jdk8u\hotspot\src\share\vm\prims\jni.cpp, line 1613]
Event: 5748.954 Thread 0x000000001b976000 Exception <a 'java/lang/NoSuchMethodError': <clinit>> (0x00000000eeba7928) thrown at [D:\src\AOSP-openjdk-cygwin\jdk8u\hotspot\src\share\vm\prims\jni.cpp, line 1613]
Event: 5748.955 Thread 0x000000001b976000 Exception <a 'java/lang/NoSuchMethodError': <clinit>> (0x00000000eebc1678) thrown at [D:\src\AOSP-openjdk-cygwin\jdk8u\hotspot\src\share\vm\prims\jni.cpp, line 1613]
Event: 5802.185 Thread 0x000000001b97a000 Exception <a 'sun/nio/fs/WindowsException'> (0x00000000ef6c1f70) thrown at [D:\src\AOSP-openjdk-cygwin\jdk8u\hotspot\src\share\vm\prims\jni.cpp, line 709]

Events (10 events):
Event: 5810.776 Thread 0x000000001881a800 DEOPT PACKING pc=0x0000000003f00478 sp=0x000000003d4cd490
Event: 5810.776 Thread 0x000000001881a800 DEOPT UNPACKING pc=0x0000000002dd557b sp=0x000000003d4cd3e0 mode 2
Event: 5810.778 Thread 0x000000001881a800 DEOPT PACKING pc=0x0000000005f5697f sp=0x000000003d4cd810
Event: 5810.778 Thread 0x000000001881a800 DEOPT UNPACKING pc=0x0000000002dd75d0 sp=0x000000003d4cd500 mode 0
Event: 5810.784 Thread 0x000000001881a800 DEOPT PACKING pc=0x0000000003b424bd sp=0x000000003d4cd9e0
Event: 5810.804 Thread 0x000000001881a800 DEOPT UNPACKING pc=0x0000000002dd75d0 sp=0x000000003d4cd7e0 mode 0
Event: 5810.874 Thread 0x000000001881a800 DEOPT PACKING pc=0x00000000036df587 sp=0x000000003d4cdba0
Event: 5810.874 Thread 0x000000001881a800 DEOPT UNPACKING pc=0x0000000002dd75d0 sp=0x000000003d4cd8b8 mode 0
Event: 5810.910 Thread 0x000000001881a800 DEOPT PACKING pc=0x00000000036df587 sp=0x000000003d4cdba0
Event: 5810.910 Thread 0x000000001881a800 DEOPT UNPACKING pc=0x0000000002dd75d0 sp=0x000000003d4cd8b8 mode 0


Dynamic libraries:
0x00007ff778dd0000 - 0x00007ff778e01000 	C:\Program Files\Android\Android Studio\jre\bin\java.exe
0x00007ff95a310000 - 0x00007ff95a4f1000 	C:\Windows\SYSTEM32\ntdll.dll
0x00007ff9577a0000 - 0x00007ff957852000 	C:\Windows\System32\KERNEL32.DLL
0x00007ff9570e0000 - 0x00007ff957353000 	C:\Windows\System32\KERNELBASE.dll
0x00007ff957c30000 - 0x00007ff957cd1000 	C:\Windows\System32\ADVAPI32.dll
0x00007ff957b90000 - 0x00007ff957c2e000 	C:\Windows\System32\msvcrt.dll
0x00007ff959c60000 - 0x00007ff959cbb000 	C:\Windows\System32\sechost.dll
0x00007ff9597c0000 - 0x00007ff9598e4000 	C:\Windows\System32\RPCRT4.dll
0x00007ff9592a0000 - 0x00007ff959430000 	C:\Windows\System32\USER32.dll
0x00007ff9566e0000 - 0x00007ff956700000 	C:\Windows\System32\win32u.dll
0x00007ff959b40000 - 0x00007ff959b68000 	C:\Windows\System32\GDI32.dll
0x00007ff957600000 - 0x00007ff957792000 	C:\Windows\System32\gdi32full.dll
0x00007ff9573b0000 - 0x00007ff95744f000 	C:\Windows\System32\msvcp_win.dll
0x00007ff957450000 - 0x00007ff95754a000 	C:\Windows\System32\ucrtbase.dll
0x00007ff93ec50000 - 0x00007ff93eeb9000 	C:\Windows\WinSxS\amd64_microsoft.windows.common-controls_6595b64144ccf1df_6.0.17134.228_none_fb4599993062b194\COMCTL32.dll
0x00007ff957860000 - 0x00007ff957b83000 	C:\Windows\System32\combase.dll
0x00007ff956e70000 - 0x00007ff956eea000 	C:\Windows\System32\bcryptPrimitives.dll
0x00007ff959430000 - 0x00007ff95945d000 	C:\Windows\System32\IMM32.DLL
0x000000006e260000 - 0x000000006e332000 	C:\Program Files\Android\Android Studio\jre\jre\bin\msvcr100.dll
0x000000006e420000 - 0x000000006ec5f000 	C:\Program Files\Android\Android Studio\jre\jre\bin\server\jvm.dll
0x00007ff95a2d0000 - 0x00007ff95a2d8000 	C:\Windows\System32\PSAPI.DLL
0x00007ff94fbf0000 - 0x00007ff94fbf9000 	C:\Windows\SYSTEM32\WSOCK32.dll
0x00007ff947ea0000 - 0x00007ff947ec3000 	C:\Windows\SYSTEM32\WINMM.dll
0x00007ff94e4a0000 - 0x00007ff94e4aa000 	C:\Windows\SYSTEM32\VERSION.dll
0x00007ff947e70000 - 0x00007ff947e9a000 	C:\Windows\SYSTEM32\WINMMBASE.dll
0x00007ff957360000 - 0x00007ff9573a9000 	C:\Windows\System32\cfgmgr32.dll
0x0000000002ab0000 - 0x0000000002b1c000 	C:\Windows\System32\ws2_32.DLL
0x00007ff94e8e0000 - 0x00007ff94e8ef000 	C:\Program Files\Android\Android Studio\jre\jre\bin\verify.dll
0x00007ff94e8b0000 - 0x00007ff94e8d9000 	C:\Program Files\Android\Android Studio\jre\jre\bin\java.dll
0x00007ff94e890000 - 0x00007ff94e8a6000 	C:\Program Files\Android\Android Studio\jre\jre\bin\zip.dll
0x00007ff957df0000 - 0x00007ff959230000 	C:\Windows\System32\SHELL32.dll
0x00007ff957ce0000 - 0x00007ff957d89000 	C:\Windows\System32\shcore.dll
0x00007ff956760000 - 0x00007ff956e6d000 	C:\Windows\System32\windows.storage.dll
0x00007ff959460000 - 0x00007ff9594b1000 	C:\Windows\System32\shlwapi.dll
0x00007ff956640000 - 0x00007ff956651000 	C:\Windows\System32\kernel.appcore.dll
0x00007ff9566b0000 - 0x00007ff9566cf000 	C:\Windows\System32\profapi.dll
0x00007ff956660000 - 0x00007ff9566ac000 	C:\Windows\System32\powrprof.dll
0x00007ff9566d0000 - 0x00007ff9566da000 	C:\Windows\System32\FLTLIB.DLL
0x00007ff93fef0000 - 0x00007ff93ff0a000 	C:\Program Files\Android\Android Studio\jre\jre\bin\net.dll
0x00007ff955ea0000 - 0x00007ff955f06000 	C:\Windows\system32\mswsock.dll
0x00007ff93d530000 - 0x00007ff93d541000 	C:\Program Files\Android\Android Studio\jre\jre\bin\nio.dll
0x00007ff93d480000 - 0x00007ff93d49e000 	C:\Users\Devakumar\.gradle\native\25\windows-amd64\native-platform.dll
0x00007ff94e880000 - 0x00007ff94e88d000 	C:\Program Files\Android\Android Studio\jre\jre\bin\management.dll
0x00007ff956060000 - 0x00007ff956077000 	C:\Windows\SYSTEM32\CRYPTSP.dll
0x00007ff955a80000 - 0x00007ff955ab3000 	C:\Windows\system32\rsaenh.dll
0x00007ff956180000 - 0x00007ff9561a5000 	C:\Windows\SYSTEM32\bcrypt.dll
0x00007ff956520000 - 0x00007ff956548000 	C:\Windows\SYSTEM32\USERENV.dll
0x00007ff956050000 - 0x00007ff95605b000 	C:\Windows\SYSTEM32\CRYPTBASE.dll
0x00007ff955c20000 - 0x00007ff955c58000 	C:\Windows\SYSTEM32\IPHLPAPI.DLL
0x00007ff95a2a0000 - 0x00007ff95a2a8000 	C:\Windows\System32\NSI.dll
0x00007ff9522e0000 - 0x00007ff9522f6000 	C:\Windows\SYSTEM32\dhcpcsvc6.DLL
0x00007ff9522c0000 - 0x00007ff9522da000 	C:\Windows\SYSTEM32\dhcpcsvc.DLL
0x00007ff919f60000 - 0x00007ff91a0f6000 	C:\Program Files\Android\Android Studio\jre\jre\bin\awt.dll
0x00007ff9598f0000 - 0x00007ff9599b2000 	C:\Windows\System32\OLEAUT32.dll
0x00007ff953cf0000 - 0x00007ff9542b7000 	C:\Windows\SYSTEM32\d2d1.dll
0x00007ff9549a0000 - 0x00007ff954a2b000 	C:\Windows\SYSTEM32\apphelp.dll
0x00007ff954db0000 - 0x00007ff954dd9000 	C:\Windows\system32\DWMAPI.DLL
0x00007ff954b20000 - 0x00007ff954bb8000 	C:\Windows\system32\uxtheme.dll
0x00007ff93a470000 - 0x00007ff93a494000 	C:\Program Files\Android\Android Studio\jre\jre\bin\sunec.dll
0x00007ff955c60000 - 0x00007ff955d1e000 	C:\Windows\SYSTEM32\DNSAPI.dll
0x00007ff950bc0000 - 0x00007ff950bca000 	C:\Windows\System32\rasadhlp.dll
0x00007ff9520c0000 - 0x00007ff952132000 	C:\Windows\System32\fwpuclnt.dll
0x00007ff947af0000 - 0x00007ff947afb000 	C:\Program Files\Android\Android Studio\jre\jre\bin\sunmscapi.dll
0x00007ff956ef0000 - 0x00007ff9570d2000 	C:\Windows\System32\CRYPT32.dll
0x00007ff956620000 - 0x00007ff956632000 	C:\Windows\System32\MSASN1.dll
0x00007ff94c6f0000 - 0x00007ff94c8b9000 	C:\Windows\SYSTEM32\dbghelp.dll

VM Arguments:
jvm_args: -Xmx1536m -Dfile.encoding=windows-1252 -Duser.country=US -Duser.language=en -Duser.variant 
java_command: org.gradle.launcher.daemon.bootstrap.GradleDaemon 4.4
java_class_path (initial): C:\Users\Devakumar\.gradle\wrapper\dists\gradle-4.4-all\9br9xq1tocpiv8o6njlyu5op1\gradle-4.4\lib\gradle-launcher-4.4.jar
Launcher Type: SUN_STANDARD

Environment Variables:
PATH=C:\Program Files (x86)\Common Files\Intel\Shared Files\cpp\bin\Intel64;C:\Program Files (x86)\Common Files\Oracle\Java\javapath;C:\Windows\system32;C:\Windows;C:\Windows\System32\Wbem;C:\Windows\System32\WindowsPowerShell\v1.0\;C:\Windows\System32\OpenSSH\;C:\Program Files\Git\cmd;C:\Bitnami\wampstack-7.2.9-0\php;C:\Users\Devakumar\AppData\Local\Microsoft\WindowsApps;C:\Users\Devakumar\AppData\Local\atom\bin
USERNAME=Devakumar
OS=Windows_NT
PROCESSOR_IDENTIFIER=Intel64 Family 6 Model 60 Stepping 3, GenuineIntel



---------------  S Y S T E M  ---------------

OS: Windows 10.0 , 64 bit Build 17134 (10.0.17134.1)

CPU:total 4 (initial active 4) (2 cores per cpu, 2 threads per core) family 6 model 60 stepping 3, cmov, cx8, fxsr, mmx, sse, sse2, sse3, ssse3, sse4.1, sse4.2, popcnt, avx, avx2, aes, clmul, erms, lzcnt, ht, tsc, tscinvbit, bmi1, bmi2

Memory: 4k page, physical 8254524k(1265992k free), swap 15528800k(4912636k free)

vm_info: OpenJDK 64-Bit Server VM (25.152-b02) for windows-amd64 JRE (1.8.0_152-release-1024-b02), built by "builder" with MS VC++ 10.0 (VS2010)

time: Tue Sep 04 17:01:21 2018
elapsed time: 5811 seconds (0d 1h 36m 51s)

